<?xml version="1.0" encoding="UTF-8"?>
<testng-results skipped="0" failed="1" ignored="0" total="1" passed="0">
  <reporter-output>
  </reporter-output>
  <suite name="Default suite" duration-ms="27179" started-at="2021-06-14T21:17:42Z" finished-at="2021-06-14T21:18:09Z">
    <groups>
      <group name="cucumber">
        <method signature="AbstractTestNGCucumberTests.runScenario(io.cucumber.testng.PickleWrapper, io.cucumber.testng.FeatureWrapper)[pri:0, instance:com.testrunner.TestNGRunner@77b7ffa4]" name="runScenario" class="io.cucumber.testng.AbstractTestNGCucumberTests"/>
      </group> <!-- cucumber -->
    </groups>
    <test name="Default test" duration-ms="27179" started-at="2021-06-14T21:17:42Z" finished-at="2021-06-14T21:18:09Z">
      <class name="com.testrunner.TestNGRunner">
        <test-method status="PASS" signature="setUpClass()[pri:0, instance:com.testrunner.TestNGRunner@77b7ffa4]" name="setUpClass" is-config="true" duration-ms="1056" started-at="2021-06-14T21:17:42Z" finished-at="2021-06-14T21:17:43Z">
          <reporter-output>
          </reporter-output>
        </test-method> <!-- setUpClass -->
        <test-method status="FAIL" signature="runScenario(io.cucumber.testng.PickleWrapper, io.cucumber.testng.FeatureWrapper)[pri:0, instance:com.testrunner.TestNGRunner@77b7ffa4]" name="runScenario" duration-ms="25855" started-at="2021-06-14T21:17:43Z" description="Runs Cucumber Scenarios" data-provider="scenarios" finished-at="2021-06-14T21:18:09Z">
          <params>
            <param index="0">
              <value>
                <![CDATA["positive"]]>
              </value>
            </param>
            <param index="1">
              <value>
                <![CDATA["Optional[login functionality test]"]]>
              </value>
            </param>
          </params>
          <exception class="java.lang.AssertionError">
            <message>
              <![CDATA[expected [Amazon.com. Spend less.] but found [Facebook - Log In or Sign Up]]]>
            </message>
            <full-stacktrace>
              <![CDATA[java.lang.AssertionError: expected [Amazon.com. Spend less.] but found [Facebook - Log In or Sign Up]
at org.testng.Assert.fail(Assert.java:96)
at org.testng.Assert.failNotEquals(Assert.java:776)
at org.testng.Assert.assertEqualsImpl(Assert.java:137)
at org.testng.Assert.assertEquals(Assert.java:118)
at org.testng.Assert.assertEquals(Assert.java:453)
at org.testng.Assert.assertEquals(Assert.java:463)
at com.step.StepAllure.i_successfully_logged_in(StepAllure.java:115)
at âœ½.I successfully logged in(file:///C:/Users/Ummul_Mukta/git/AllureReportTest/allureFeature/allure.feature:8)
]]>
            </full-stacktrace>
          </exception> <!-- java.lang.AssertionError -->
          <reporter-output>
          </reporter-output>
        </test-method> <!-- runScenario -->
        <test-method status="PASS" signature="tearDownClass()[pri:0, instance:com.testrunner.TestNGRunner@77b7ffa4]" name="tearDownClass" is-config="true" duration-ms="22" started-at="2021-06-14T21:18:09Z" finished-at="2021-06-14T21:18:09Z">
          <reporter-output>
          </reporter-output>
        </test-method> <!-- tearDownClass -->
      </class> <!-- com.testrunner.TestNGRunner -->
    </test> <!-- Default test -->
  </suite> <!-- Default suite -->
</testng-results>
