<?xml version="1.0" encoding="UTF-8"?>
<!-- Generated by org.testng.reporters.JUnitReportReporter -->
<testsuite skipped="0" hostname="DESKTOP-AEJL1M7" name="com.testrunner.TestNGRunner" tests="1" failures="0" timestamp="10 May 2021 02:27:58 GMT" time="8.293" errors="1">
  <testcase name="runScenario" time="8.293" classname="com.testrunner.TestNGRunner">
    <error type="org.openqa.selenium.NoSuchElementException" message="Cannot locate element with text: Alexa
For documentation on this error, please visit: https://www.seleniumhq.org/exceptions/no_such_element.html
Build info: version: &#039;3.141.59&#039;, revision: &#039;e82be7d358&#039;, time: &#039;2018-11-14T08:17:03&#039;
System info: host: &#039;DESKTOP-AEJL1M7&#039;, ip: &#039;192.168.1.239&#039;, os.name: &#039;Windows 10&#039;, os.arch: &#039;amd64&#039;, os.version: &#039;10.0&#039;, java.version: &#039;1.8.0_261&#039;
Driver info: driver.version: unknown">
      <![CDATA[org.openqa.selenium.NoSuchElementException: Cannot locate element with text: Alexa
For documentation on this error, please visit: https://www.seleniumhq.org/exceptions/no_such_element.html
Build info: version: '3.141.59', revision: 'e82be7d358', time: '2018-11-14T08:17:03'
System info: host: 'DESKTOP-AEJL1M7', ip: '192.168.1.239', os.name: 'Windows 10', os.arch: 'amd64', os.version: '10.0', java.version: '1.8.0_261'
Driver info: driver.version: unknown
at org.openqa.selenium.support.ui.Select.selectByVisibleText(Select.java:147)
at com.step.StepAllure.i_enter_user_name(StepAllure.java:59)
at âœ½.I enter user name(file:///C:/Users/Ummul%20Oara%20Mukta/eclipse-workspace/AllureProjectReport/allureFeature/allure.feature:5)
]]>
    </error>
  </testcase> <!-- runScenario -->
</testsuite> <!-- com.testrunner.TestNGRunner -->
